<?xml version="1.0" encoding="UTF-8"?>
<testsuite name="org.springframework.samples.petclinic.owner.PetTypeFormatterTests" tests="3" skipped="0" failures="0" errors="0" timestamp="2025-12-03T19:04:12.021Z" hostname="fedora" time="2.728">
  <properties/>
  <testcase name="shouldThrowParseException()" classname="org.springframework.samples.petclinic.owner.PetTypeFormatterTests" time="2.447"/>
  <testcase name="testPrint()" classname="org.springframework.samples.petclinic.owner.PetTypeFormatterTests" time="0.272"/>
  <testcase name="shouldParse()" classname="org.springframework.samples.petclinic.owner.PetTypeFormatterTests" time="0.006"/>
  <system-out><![CDATA[]]></system-out>
  <system-err><![CDATA[]]></system-err>
</testsuite>
